{"level":"info","message":"Starting rule evaluation cycle","timestamp":"2025-08-16T17:47:00.249Z"}
{"level":"info","message":"Completed evaluation of 0 rules","timestamp":"2025-08-16T17:47:00.286Z"}
{"level":"info","message":"Starting rule evaluation cycle","timestamp":"2025-08-16T17:47:30.275Z"}
{"level":"info","message":"Completed evaluation of 0 rules","timestamp":"2025-08-16T17:47:30.298Z"}
{"level":"info","message":"Starting rule evaluation cycle","timestamp":"2025-08-16T17:48:00.308Z"}
{"level":"info","message":"Completed evaluation of 0 rules","timestamp":"2025-08-16T17:48:00.326Z"}
{"level":"info","message":"Rules engine shutting down...","timestamp":"2025-08-16T17:48:02.612Z"}
{"level":"info","message":"Rules engine started - evaluating every 30 seconds","timestamp":"2025-08-17T06:15:26.556Z"}
{"level":"info","message":"Starting rule evaluation cycle","timestamp":"2025-08-17T06:15:30.559Z"}
{"level":"info","message":"Completed evaluation of 0 rules","timestamp":"2025-08-17T06:15:30.607Z"}
{"level":"info","message":"Starting rule evaluation cycle","timestamp":"2025-08-17T06:16:00.603Z"}
{"level":"info","message":"Completed evaluation of 0 rules","timestamp":"2025-08-17T06:16:00.638Z"}
{"level":"info","message":"Rules engine started - evaluating every 1 second","timestamp":"2025-08-17T06:16:26.542Z"}
{"level":"info","message":"Starting rule evaluation cycle","timestamp":"2025-08-17T06:16:27.544Z"}
{"level":"info","message":"Completed evaluation of 0 rules","timestamp":"2025-08-17T06:16:27.566Z"}
{"level":"info","message":"Starting rule evaluation cycle","timestamp":"2025-08-17T06:16:28.550Z"}
{"level":"info","message":"Completed evaluation of 0 rules","timestamp":"2025-08-17T06:16:28.555Z"}
{"level":"info","message":"Starting rule evaluation cycle","timestamp":"2025-08-17T06:16:29.553Z"}
{"level":"info","message":"Completed evaluation of 0 rules","timestamp":"2025-08-17T06:16:29.557Z"}
{"level":"info","message":"Starting rule evaluation cycle","timestamp":"2025-08-17T06:16:30.556Z"}
{"level":"info","message":"Completed evaluation of 0 rules","timestamp":"2025-08-17T06:16:30.561Z"}
{"level":"info","message":"Starting rule evaluation cycle","timestamp":"2025-08-17T06:16:31.559Z"}
{"level":"info","message":"Completed evaluation of 0 rules","timestamp":"2025-08-17T06:16:31.562Z"}
{"level":"info","message":"Starting rule evaluation cycle","timestamp":"2025-08-17T06:16:32.562Z"}
{"level":"info","message":"Completed evaluation of 0 rules","timestamp":"2025-08-17T06:16:32.566Z"}
{"level":"info","message":"Starting rule evaluation cycle","timestamp":"2025-08-17T06:16:33.562Z"}
{"level":"info","message":"Completed evaluation of 0 rules","timestamp":"2025-08-17T06:16:33.565Z"}
{"level":"info","message":"Starting rule evaluation cycle","timestamp":"2025-08-17T06:16:34.565Z"}
{"level":"info","message":"Completed evaluation of 0 rules","timestamp":"2025-08-17T06:16:34.568Z"}
{"level":"info","message":"Starting rule evaluation cycle","timestamp":"2025-08-17T06:16:35.567Z"}
{"level":"info","message":"Completed evaluation of 0 rules","timestamp":"2025-08-17T06:16:35.569Z"}
{"level":"info","message":"Starting rule evaluation cycle","timestamp":"2025-08-17T06:16:36.568Z"}
{"level":"info","message":"Completed evaluation of 0 rules","timestamp":"2025-08-17T06:16:36.571Z"}
{"level":"info","message":"Starting rule evaluation cycle","timestamp":"2025-08-17T06:16:37.569Z"}
{"level":"info","message":"Completed evaluation of 0 rules","timestamp":"2025-08-17T06:16:37.572Z"}
{"level":"info","message":"Starting rule evaluation cycle","timestamp":"2025-08-17T06:16:38.570Z"}
{"level":"info","message":"Completed evaluation of 0 rules","timestamp":"2025-08-17T06:16:38.573Z"}
{"level":"info","message":"Starting rule evaluation cycle","timestamp":"2025-08-17T06:16:39.571Z"}
{"level":"info","message":"Completed evaluation of 0 rules","timestamp":"2025-08-17T06:16:39.574Z"}
{"level":"info","message":"Starting rule evaluation cycle","timestamp":"2025-08-17T06:16:40.573Z"}
{"level":"info","message":"Completed evaluation of 0 rules","timestamp":"2025-08-17T06:16:40.576Z"}
{"level":"info","message":"Starting rule evaluation cycle","timestamp":"2025-08-17T06:16:41.574Z"}
{"level":"info","message":"Completed evaluation of 0 rules","timestamp":"2025-08-17T06:16:41.577Z"}
{"level":"info","message":"Starting rule evaluation cycle","timestamp":"2025-08-17T06:16:42.576Z"}
{"level":"info","message":"Completed evaluation of 0 rules","timestamp":"2025-08-17T06:16:42.578Z"}
{"level":"info","message":"Starting rule evaluation cycle","timestamp":"2025-08-17T06:16:43.578Z"}
{"level":"info","message":"Completed evaluation of 0 rules","timestamp":"2025-08-17T06:16:43.582Z"}
{"level":"info","message":"Starting rule evaluation cycle","timestamp":"2025-08-17T06:16:44.580Z"}
{"level":"info","message":"Completed evaluation of 0 rules","timestamp":"2025-08-17T06:16:44.582Z"}
{"level":"info","message":"Starting rule evaluation cycle","timestamp":"2025-08-17T06:16:45.581Z"}
{"level":"info","message":"Completed evaluation of 0 rules","timestamp":"2025-08-17T06:16:45.583Z"}
{"level":"info","message":"Starting rule evaluation cycle","timestamp":"2025-08-17T06:16:46.582Z"}
{"level":"info","message":"Completed evaluation of 0 rules","timestamp":"2025-08-17T06:16:46.584Z"}
{"level":"info","message":"Starting rule evaluation cycle","timestamp":"2025-08-17T06:16:47.583Z"}
{"level":"info","message":"Completed evaluation of 0 rules","timestamp":"2025-08-17T06:16:47.585Z"}
{"level":"info","message":"Starting rule evaluation cycle","timestamp":"2025-08-17T06:16:48.585Z"}
{"level":"info","message":"Completed evaluation of 0 rules","timestamp":"2025-08-17T06:16:48.587Z"}
{"level":"info","message":"Starting rule evaluation cycle","timestamp":"2025-08-17T06:16:49.586Z"}
{"level":"info","message":"Completed evaluation of 0 rules","timestamp":"2025-08-17T06:16:49.588Z"}
{"level":"info","message":"Starting rule evaluation cycle","timestamp":"2025-08-17T06:16:50.587Z"}
{"level":"info","message":"Completed evaluation of 0 rules","timestamp":"2025-08-17T06:16:50.590Z"}
{"level":"info","message":"Starting rule evaluation cycle","timestamp":"2025-08-17T06:16:51.588Z"}
{"level":"info","message":"Completed evaluation of 0 rules","timestamp":"2025-08-17T06:16:51.589Z"}
{"level":"info","message":"Starting rule evaluation cycle","timestamp":"2025-08-17T06:16:52.589Z"}
{"level":"info","message":"Completed evaluation of 0 rules","timestamp":"2025-08-17T06:16:52.591Z"}
{"level":"info","message":"Starting rule evaluation cycle","timestamp":"2025-08-17T06:16:53.590Z"}
{"level":"info","message":"Completed evaluation of 0 rules","timestamp":"2025-08-17T06:16:53.592Z"}
{"level":"info","message":"Starting rule evaluation cycle","timestamp":"2025-08-17T06:16:54.591Z"}
{"level":"info","message":"Completed evaluation of 0 rules","timestamp":"2025-08-17T06:16:54.593Z"}
{"level":"info","message":"Starting rule evaluation cycle","timestamp":"2025-08-17T06:16:55.593Z"}
{"level":"info","message":"Completed evaluation of 0 rules","timestamp":"2025-08-17T06:16:55.595Z"}
{"level":"info","message":"Starting rule evaluation cycle","timestamp":"2025-08-17T06:16:56.594Z"}
{"level":"info","message":"Completed evaluation of 0 rules","timestamp":"2025-08-17T06:16:56.596Z"}
{"level":"info","message":"Starting rule evaluation cycle","timestamp":"2025-08-17T06:16:57.594Z"}
{"level":"info","message":"Completed evaluation of 0 rules","timestamp":"2025-08-17T06:16:57.596Z"}
{"level":"info","message":"Starting rule evaluation cycle","timestamp":"2025-08-17T06:16:58.596Z"}
{"level":"info","message":"Completed evaluation of 0 rules","timestamp":"2025-08-17T06:16:58.599Z"}
{"level":"info","message":"Starting rule evaluation cycle","timestamp":"2025-08-17T06:16:59.597Z"}
{"level":"info","message":"Completed evaluation of 0 rules","timestamp":"2025-08-17T06:16:59.601Z"}
{"level":"info","message":"Starting rule evaluation cycle","timestamp":"2025-08-17T06:17:00.599Z"}
{"level":"info","message":"Completed evaluation of 0 rules","timestamp":"2025-08-17T06:17:00.600Z"}
{"level":"info","message":"Starting rule evaluation cycle","timestamp":"2025-08-17T06:17:01.600Z"}
{"level":"info","message":"Completed evaluation of 0 rules","timestamp":"2025-08-17T06:17:01.603Z"}
{"level":"info","message":"Starting rule evaluation cycle","timestamp":"2025-08-17T06:17:02.601Z"}
{"level":"info","message":"Completed evaluation of 0 rules","timestamp":"2025-08-17T06:17:02.604Z"}
{"level":"info","message":"Starting rule evaluation cycle","timestamp":"2025-08-17T06:17:03.602Z"}
{"level":"info","message":"Completed evaluation of 0 rules","timestamp":"2025-08-17T06:17:03.605Z"}
{"level":"info","message":"Starting rule evaluation cycle","timestamp":"2025-08-17T06:17:04.603Z"}
{"level":"info","message":"Completed evaluation of 0 rules","timestamp":"2025-08-17T06:17:04.606Z"}
{"level":"info","message":"Starting rule evaluation cycle","timestamp":"2025-08-17T06:17:05.605Z"}
{"level":"info","message":"Completed evaluation of 0 rules","timestamp":"2025-08-17T06:17:05.608Z"}
{"level":"info","message":"Starting rule evaluation cycle","timestamp":"2025-08-17T06:17:06.607Z"}
{"level":"info","message":"Completed evaluation of 0 rules","timestamp":"2025-08-17T06:17:06.610Z"}
{"level":"info","message":"Starting rule evaluation cycle","timestamp":"2025-08-17T06:17:07.608Z"}
{"level":"info","message":"Completed evaluation of 0 rules","timestamp":"2025-08-17T06:17:07.609Z"}
{"level":"info","message":"Starting rule evaluation cycle","timestamp":"2025-08-17T06:17:08.610Z"}
{"level":"info","message":"Completed evaluation of 0 rules","timestamp":"2025-08-17T06:17:08.611Z"}
{"level":"info","message":"Starting rule evaluation cycle","timestamp":"2025-08-17T06:17:09.610Z"}
{"level":"info","message":"Completed evaluation of 0 rules","timestamp":"2025-08-17T06:17:09.611Z"}
{"level":"info","message":"Starting rule evaluation cycle","timestamp":"2025-08-17T06:17:10.612Z"}
{"level":"info","message":"Completed evaluation of 0 rules","timestamp":"2025-08-17T06:17:10.616Z"}
{"level":"info","message":"Starting rule evaluation cycle","timestamp":"2025-08-17T06:17:11.614Z"}
{"level":"info","message":"Completed evaluation of 0 rules","timestamp":"2025-08-17T06:17:11.615Z"}
{"level":"info","message":"Starting rule evaluation cycle","timestamp":"2025-08-17T06:17:12.616Z"}
{"level":"info","message":"Completed evaluation of 0 rules","timestamp":"2025-08-17T06:17:12.617Z"}
{"level":"info","message":"Starting rule evaluation cycle","timestamp":"2025-08-17T06:17:13.617Z"}
{"level":"info","message":"Completed evaluation of 0 rules","timestamp":"2025-08-17T06:17:13.619Z"}
{"level":"info","message":"Starting rule evaluation cycle","timestamp":"2025-08-17T06:17:14.618Z"}
{"level":"info","message":"Completed evaluation of 0 rules","timestamp":"2025-08-17T06:17:14.621Z"}
{"level":"info","message":"Starting rule evaluation cycle","timestamp":"2025-08-17T06:17:15.620Z"}
{"level":"info","message":"Completed evaluation of 0 rules","timestamp":"2025-08-17T06:17:15.621Z"}
{"level":"info","message":"Starting rule evaluation cycle","timestamp":"2025-08-17T06:17:16.620Z"}
{"level":"info","message":"Completed evaluation of 0 rules","timestamp":"2025-08-17T06:17:16.621Z"}
{"level":"info","message":"Starting rule evaluation cycle","timestamp":"2025-08-17T06:17:17.622Z"}
{"level":"info","message":"Completed evaluation of 0 rules","timestamp":"2025-08-17T06:17:17.625Z"}
{"level":"info","message":"Starting rule evaluation cycle","timestamp":"2025-08-17T06:17:18.622Z"}
{"level":"info","message":"Completed evaluation of 0 rules","timestamp":"2025-08-17T06:17:18.634Z"}
{"level":"info","message":"Starting rule evaluation cycle","timestamp":"2025-08-17T06:17:19.622Z"}
{"level":"info","message":"Completed evaluation of 0 rules","timestamp":"2025-08-17T06:17:19.624Z"}
{"level":"info","message":"Starting rule evaluation cycle","timestamp":"2025-08-17T06:17:20.622Z"}
{"level":"info","message":"Completed evaluation of 0 rules","timestamp":"2025-08-17T06:17:20.624Z"}
{"level":"info","message":"Starting rule evaluation cycle","timestamp":"2025-08-17T06:17:21.623Z"}
{"level":"info","message":"Completed evaluation of 0 rules","timestamp":"2025-08-17T06:17:21.624Z"}
{"level":"info","message":"Starting rule evaluation cycle","timestamp":"2025-08-17T06:17:22.623Z"}
{"level":"info","message":"Completed evaluation of 0 rules","timestamp":"2025-08-17T06:17:22.625Z"}
{"level":"info","message":"Starting rule evaluation cycle","timestamp":"2025-08-17T06:17:23.624Z"}
{"level":"info","message":"Completed evaluation of 0 rules","timestamp":"2025-08-17T06:17:23.626Z"}
{"level":"info","message":"Starting rule evaluation cycle","timestamp":"2025-08-17T06:17:24.626Z"}
{"level":"info","message":"Completed evaluation of 0 rules","timestamp":"2025-08-17T06:17:24.632Z"}
{"level":"info","message":"Starting rule evaluation cycle","timestamp":"2025-08-17T06:17:25.629Z"}
{"level":"info","message":"Completed evaluation of 0 rules","timestamp":"2025-08-17T06:17:25.630Z"}
{"level":"info","message":"Starting rule evaluation cycle","timestamp":"2025-08-17T06:17:26.630Z"}
{"level":"info","message":"Completed evaluation of 0 rules","timestamp":"2025-08-17T06:17:26.631Z"}
{"level":"info","message":"Starting rule evaluation cycle","timestamp":"2025-08-17T06:17:27.631Z"}
{"level":"info","message":"Completed evaluation of 0 rules","timestamp":"2025-08-17T06:17:27.632Z"}
{"level":"info","message":"Starting rule evaluation cycle","timestamp":"2025-08-17T06:17:28.631Z"}
{"level":"info","message":"Completed evaluation of 0 rules","timestamp":"2025-08-17T06:17:28.633Z"}
{"level":"info","message":"Starting rule evaluation cycle","timestamp":"2025-08-17T06:17:29.633Z"}
{"level":"info","message":"Completed evaluation of 0 rules","timestamp":"2025-08-17T06:17:29.634Z"}
{"level":"info","message":"Starting rule evaluation cycle","timestamp":"2025-08-17T06:17:30.634Z"}
{"level":"info","message":"Completed evaluation of 0 rules","timestamp":"2025-08-17T06:17:30.635Z"}
{"level":"info","message":"Starting rule evaluation cycle","timestamp":"2025-08-17T06:17:31.635Z"}
{"level":"info","message":"Completed evaluation of 0 rules","timestamp":"2025-08-17T06:17:31.638Z"}
{"level":"info","message":"Starting rule evaluation cycle","timestamp":"2025-08-17T06:17:32.637Z"}
{"level":"info","message":"Completed evaluation of 0 rules","timestamp":"2025-08-17T06:17:32.639Z"}
{"level":"info","message":"Starting rule evaluation cycle","timestamp":"2025-08-17T06:17:33.639Z"}
{"level":"info","message":"Completed evaluation of 0 rules","timestamp":"2025-08-17T06:17:33.640Z"}
{"level":"info","message":"Starting rule evaluation cycle","timestamp":"2025-08-17T06:17:34.640Z"}
{"level":"info","message":"Completed evaluation of 0 rules","timestamp":"2025-08-17T06:17:34.641Z"}
{"level":"info","message":"Starting rule evaluation cycle","timestamp":"2025-08-17T06:17:35.640Z"}
{"level":"info","message":"Completed evaluation of 0 rules","timestamp":"2025-08-17T06:17:35.640Z"}
{"level":"info","message":"Starting rule evaluation cycle","timestamp":"2025-08-17T06:17:36.641Z"}
{"level":"info","message":"Completed evaluation of 0 rules","timestamp":"2025-08-17T06:17:36.643Z"}
{"level":"info","message":"Starting rule evaluation cycle","timestamp":"2025-08-17T06:17:37.642Z"}
{"level":"info","message":"Completed evaluation of 0 rules","timestamp":"2025-08-17T06:17:37.644Z"}
{"level":"info","message":"Starting rule evaluation cycle","timestamp":"2025-08-17T06:17:38.644Z"}
{"level":"info","message":"Completed evaluation of 0 rules","timestamp":"2025-08-17T06:17:38.646Z"}
{"level":"info","message":"Starting rule evaluation cycle","timestamp":"2025-08-17T06:17:39.645Z"}
{"level":"info","message":"Completed evaluation of 0 rules","timestamp":"2025-08-17T06:17:39.648Z"}
{"level":"info","message":"Starting rule evaluation cycle","timestamp":"2025-08-17T06:17:40.646Z"}
{"level":"info","message":"Completed evaluation of 0 rules","timestamp":"2025-08-17T06:17:40.648Z"}
{"level":"info","message":"Starting rule evaluation cycle","timestamp":"2025-08-17T06:17:41.647Z"}
{"level":"info","message":"Completed evaluation of 0 rules","timestamp":"2025-08-17T06:17:41.650Z"}
{"level":"info","message":"Starting rule evaluation cycle","timestamp":"2025-08-17T06:17:42.648Z"}
{"level":"info","message":"Completed evaluation of 0 rules","timestamp":"2025-08-17T06:17:42.651Z"}
{"level":"info","message":"Starting rule evaluation cycle","timestamp":"2025-08-17T06:17:43.650Z"}
{"level":"info","message":"Completed evaluation of 0 rules","timestamp":"2025-08-17T06:17:43.653Z"}
{"level":"info","message":"Starting rule evaluation cycle","timestamp":"2025-08-17T06:17:44.652Z"}
{"level":"info","message":"Completed evaluation of 0 rules","timestamp":"2025-08-17T06:17:44.655Z"}
{"level":"info","message":"Starting rule evaluation cycle","timestamp":"2025-08-17T06:17:45.654Z"}
{"level":"info","message":"Completed evaluation of 0 rules","timestamp":"2025-08-17T06:17:45.656Z"}
{"level":"info","message":"Starting rule evaluation cycle","timestamp":"2025-08-17T06:17:46.654Z"}
{"level":"info","message":"Completed evaluation of 0 rules","timestamp":"2025-08-17T06:17:46.656Z"}
{"level":"info","message":"Starting rule evaluation cycle","timestamp":"2025-08-17T06:17:47.656Z"}
{"level":"info","message":"Completed evaluation of 0 rules","timestamp":"2025-08-17T06:17:47.659Z"}
{"level":"info","message":"Starting rule evaluation cycle","timestamp":"2025-08-17T06:17:48.657Z"}
{"level":"info","message":"Completed evaluation of 0 rules","timestamp":"2025-08-17T06:17:48.660Z"}
{"level":"info","message":"Starting rule evaluation cycle","timestamp":"2025-08-17T06:17:49.658Z"}
{"level":"info","message":"Completed evaluation of 0 rules","timestamp":"2025-08-17T06:17:49.661Z"}
{"level":"info","message":"Starting rule evaluation cycle","timestamp":"2025-08-17T06:17:50.660Z"}
{"level":"info","message":"Completed evaluation of 0 rules","timestamp":"2025-08-17T06:17:50.663Z"}
{"level":"info","message":"Starting rule evaluation cycle","timestamp":"2025-08-17T06:17:51.661Z"}
{"level":"info","message":"Completed evaluation of 0 rules","timestamp":"2025-08-17T06:17:51.664Z"}
{"level":"info","message":"Starting rule evaluation cycle","timestamp":"2025-08-17T06:17:52.663Z"}
{"level":"info","message":"Completed evaluation of 0 rules","timestamp":"2025-08-17T06:17:52.666Z"}
{"level":"info","message":"Starting rule evaluation cycle","timestamp":"2025-08-17T06:17:53.664Z"}
{"level":"info","message":"Completed evaluation of 0 rules","timestamp":"2025-08-17T06:17:53.667Z"}
{"level":"info","message":"Starting rule evaluation cycle","timestamp":"2025-08-17T06:17:54.665Z"}
{"level":"info","message":"Completed evaluation of 0 rules","timestamp":"2025-08-17T06:17:54.668Z"}
{"level":"info","message":"Starting rule evaluation cycle","timestamp":"2025-08-17T06:17:55.667Z"}
{"level":"info","message":"Completed evaluation of 0 rules","timestamp":"2025-08-17T06:17:55.670Z"}
{"level":"info","message":"Starting rule evaluation cycle","timestamp":"2025-08-17T06:17:56.668Z"}
{"level":"info","message":"Completed evaluation of 0 rules","timestamp":"2025-08-17T06:17:56.672Z"}
{"level":"info","message":"Starting rule evaluation cycle","timestamp":"2025-08-17T06:17:57.669Z"}
{"level":"info","message":"Completed evaluation of 0 rules","timestamp":"2025-08-17T06:17:57.672Z"}
{"level":"info","message":"Starting rule evaluation cycle","timestamp":"2025-08-17T06:17:58.670Z"}
{"level":"info","message":"Completed evaluation of 0 rules","timestamp":"2025-08-17T06:17:58.673Z"}
{"level":"info","message":"Starting rule evaluation cycle","timestamp":"2025-08-17T06:17:59.671Z"}
{"level":"info","message":"Completed evaluation of 0 rules","timestamp":"2025-08-17T06:17:59.674Z"}
{"level":"info","message":"Starting rule evaluation cycle","timestamp":"2025-08-17T06:18:00.672Z"}
{"level":"info","message":"Completed evaluation of 0 rules","timestamp":"2025-08-17T06:18:00.675Z"}
{"level":"info","message":"Starting rule evaluation cycle","timestamp":"2025-08-17T06:18:01.674Z"}
{"level":"info","message":"Completed evaluation of 0 rules","timestamp":"2025-08-17T06:18:01.676Z"}
{"level":"info","message":"Starting rule evaluation cycle","timestamp":"2025-08-17T06:18:02.674Z"}
{"level":"info","message":"Completed evaluation of 0 rules","timestamp":"2025-08-17T06:18:02.678Z"}
{"level":"info","message":"Starting rule evaluation cycle","timestamp":"2025-08-17T06:18:03.676Z"}
{"level":"info","message":"Completed evaluation of 0 rules","timestamp":"2025-08-17T06:18:03.679Z"}
{"level":"info","message":"Starting rule evaluation cycle","timestamp":"2025-08-17T06:18:04.677Z"}
{"level":"info","message":"Completed evaluation of 0 rules","timestamp":"2025-08-17T06:18:04.680Z"}
{"level":"info","message":"Starting rule evaluation cycle","timestamp":"2025-08-17T06:18:05.680Z"}
{"level":"info","message":"Completed evaluation of 0 rules","timestamp":"2025-08-17T06:18:05.682Z"}
{"level":"info","message":"Starting rule evaluation cycle","timestamp":"2025-08-17T06:18:06.681Z"}
{"level":"info","message":"Completed evaluation of 0 rules","timestamp":"2025-08-17T06:18:06.684Z"}
{"level":"info","message":"Starting rule evaluation cycle","timestamp":"2025-08-17T06:18:07.682Z"}
{"level":"info","message":"Completed evaluation of 0 rules","timestamp":"2025-08-17T06:18:07.683Z"}
{"level":"info","message":"Starting rule evaluation cycle","timestamp":"2025-08-17T06:18:08.683Z"}
{"level":"info","message":"Completed evaluation of 0 rules","timestamp":"2025-08-17T06:18:08.686Z"}
{"level":"info","message":"Starting rule evaluation cycle","timestamp":"2025-08-17T06:18:09.685Z"}
{"level":"info","message":"Completed evaluation of 0 rules","timestamp":"2025-08-17T06:18:09.688Z"}
{"level":"info","message":"Starting rule evaluation cycle","timestamp":"2025-08-17T06:18:10.687Z"}
{"level":"info","message":"Completed evaluation of 0 rules","timestamp":"2025-08-17T06:18:10.690Z"}
{"level":"info","message":"Starting rule evaluation cycle","timestamp":"2025-08-17T06:18:11.688Z"}
{"level":"info","message":"Completed evaluation of 0 rules","timestamp":"2025-08-17T06:18:11.691Z"}
{"level":"info","message":"Starting rule evaluation cycle","timestamp":"2025-08-17T06:18:12.691Z"}
{"level":"info","message":"Completed evaluation of 0 rules","timestamp":"2025-08-17T06:18:12.694Z"}
{"level":"info","message":"Starting rule evaluation cycle","timestamp":"2025-08-17T06:18:13.694Z"}
{"level":"info","message":"Completed evaluation of 0 rules","timestamp":"2025-08-17T06:18:13.696Z"}
{"level":"info","message":"Starting rule evaluation cycle","timestamp":"2025-08-17T06:18:14.695Z"}
{"level":"info","message":"Completed evaluation of 0 rules","timestamp":"2025-08-17T06:18:14.698Z"}
{"level":"info","message":"Starting rule evaluation cycle","timestamp":"2025-08-17T06:18:15.697Z"}
{"level":"info","message":"Completed evaluation of 0 rules","timestamp":"2025-08-17T06:18:15.698Z"}
{"level":"info","message":"Starting rule evaluation cycle","timestamp":"2025-08-17T06:18:16.698Z"}
{"level":"info","message":"Completed evaluation of 0 rules","timestamp":"2025-08-17T06:18:16.702Z"}
{"level":"info","message":"Starting rule evaluation cycle","timestamp":"2025-08-17T06:18:17.700Z"}
{"level":"info","message":"Completed evaluation of 0 rules","timestamp":"2025-08-17T06:18:17.704Z"}
{"level":"info","message":"Starting rule evaluation cycle","timestamp":"2025-08-17T06:18:18.702Z"}
{"level":"info","message":"Completed evaluation of 0 rules","timestamp":"2025-08-17T06:18:18.706Z"}
{"level":"info","message":"Starting rule evaluation cycle","timestamp":"2025-08-17T06:18:19.704Z"}
{"level":"info","message":"Completed evaluation of 0 rules","timestamp":"2025-08-17T06:18:19.707Z"}
{"level":"info","message":"Starting rule evaluation cycle","timestamp":"2025-08-17T06:18:20.705Z"}
{"level":"info","message":"Completed evaluation of 0 rules","timestamp":"2025-08-17T06:18:20.708Z"}
{"level":"info","message":"Starting rule evaluation cycle","timestamp":"2025-08-17T06:18:21.706Z"}
{"level":"info","message":"Completed evaluation of 0 rules","timestamp":"2025-08-17T06:18:21.707Z"}
{"level":"info","message":"Starting rule evaluation cycle","timestamp":"2025-08-17T06:18:22.707Z"}
{"level":"info","message":"Completed evaluation of 0 rules","timestamp":"2025-08-17T06:18:22.710Z"}
{"level":"info","message":"Starting rule evaluation cycle","timestamp":"2025-08-17T06:18:23.709Z"}
{"level":"info","message":"Completed evaluation of 0 rules","timestamp":"2025-08-17T06:18:23.712Z"}
{"level":"info","message":"Starting rule evaluation cycle","timestamp":"2025-08-17T06:18:24.711Z"}
{"level":"info","message":"Completed evaluation of 0 rules","timestamp":"2025-08-17T06:18:24.714Z"}
{"level":"info","message":"Starting rule evaluation cycle","timestamp":"2025-08-17T06:18:25.713Z"}
{"level":"info","message":"Completed evaluation of 0 rules","timestamp":"2025-08-17T06:18:25.715Z"}
{"level":"info","message":"Starting rule evaluation cycle","timestamp":"2025-08-17T06:18:26.714Z"}
{"level":"info","message":"Completed evaluation of 0 rules","timestamp":"2025-08-17T06:18:26.715Z"}
{"level":"info","message":"Starting rule evaluation cycle","timestamp":"2025-08-17T06:18:27.715Z"}
{"level":"info","message":"Completed evaluation of 0 rules","timestamp":"2025-08-17T06:18:27.718Z"}
{"level":"info","message":"Starting rule evaluation cycle","timestamp":"2025-08-17T06:18:28.717Z"}
{"level":"info","message":"Completed evaluation of 0 rules","timestamp":"2025-08-17T06:18:28.718Z"}
{"level":"info","message":"Starting rule evaluation cycle","timestamp":"2025-08-17T06:18:29.718Z"}
{"level":"info","message":"Completed evaluation of 0 rules","timestamp":"2025-08-17T06:18:29.721Z"}
{"level":"info","message":"Starting rule evaluation cycle","timestamp":"2025-08-17T06:18:30.720Z"}
{"level":"info","message":"Completed evaluation of 0 rules","timestamp":"2025-08-17T06:18:30.721Z"}
{"level":"info","message":"Starting rule evaluation cycle","timestamp":"2025-08-17T06:18:31.722Z"}
{"level":"info","message":"Completed evaluation of 0 rules","timestamp":"2025-08-17T06:18:31.724Z"}
{"level":"info","message":"Starting rule evaluation cycle","timestamp":"2025-08-17T06:18:32.723Z"}
{"level":"info","message":"Completed evaluation of 0 rules","timestamp":"2025-08-17T06:18:32.726Z"}
{"level":"info","message":"Starting rule evaluation cycle","timestamp":"2025-08-17T06:18:33.724Z"}
{"level":"info","message":"Completed evaluation of 0 rules","timestamp":"2025-08-17T06:18:33.727Z"}
{"level":"info","message":"Starting rule evaluation cycle","timestamp":"2025-08-17T06:18:34.726Z"}
{"level":"info","message":"Completed evaluation of 0 rules","timestamp":"2025-08-17T06:18:34.729Z"}
{"level":"info","message":"Starting rule evaluation cycle","timestamp":"2025-08-17T06:18:35.727Z"}
{"level":"info","message":"Completed evaluation of 0 rules","timestamp":"2025-08-17T06:18:35.730Z"}
{"level":"info","message":"Starting rule evaluation cycle","timestamp":"2025-08-17T06:18:36.729Z"}
{"level":"info","message":"Completed evaluation of 0 rules","timestamp":"2025-08-17T06:18:36.732Z"}
{"level":"info","message":"Starting rule evaluation cycle","timestamp":"2025-08-17T06:18:37.730Z"}
{"level":"info","message":"Completed evaluation of 0 rules","timestamp":"2025-08-17T06:18:37.731Z"}
{"level":"info","message":"Starting rule evaluation cycle","timestamp":"2025-08-17T06:18:38.730Z"}
{"level":"info","message":"Completed evaluation of 0 rules","timestamp":"2025-08-17T06:18:38.732Z"}
{"level":"info","message":"Starting rule evaluation cycle","timestamp":"2025-08-17T06:18:39.731Z"}
{"level":"info","message":"Completed evaluation of 0 rules","timestamp":"2025-08-17T06:18:39.734Z"}
{"level":"info","message":"Starting rule evaluation cycle","timestamp":"2025-08-17T06:18:40.733Z"}
{"level":"info","message":"Completed evaluation of 0 rules","timestamp":"2025-08-17T06:18:40.737Z"}
{"level":"info","message":"Starting rule evaluation cycle","timestamp":"2025-08-17T06:18:41.735Z"}
{"level":"info","message":"Completed evaluation of 0 rules","timestamp":"2025-08-17T06:18:41.738Z"}
{"level":"info","message":"Starting rule evaluation cycle","timestamp":"2025-08-17T06:18:42.737Z"}
{"level":"info","message":"Completed evaluation of 0 rules","timestamp":"2025-08-17T06:18:42.740Z"}
{"level":"info","message":"Starting rule evaluation cycle","timestamp":"2025-08-17T06:18:43.738Z"}
{"level":"info","message":"Completed evaluation of 0 rules","timestamp":"2025-08-17T06:18:43.741Z"}
{"level":"info","message":"Starting rule evaluation cycle","timestamp":"2025-08-17T06:18:44.740Z"}
{"level":"info","message":"Completed evaluation of 0 rules","timestamp":"2025-08-17T06:18:44.743Z"}
{"level":"info","message":"Starting rule evaluation cycle","timestamp":"2025-08-17T06:18:45.741Z"}
{"level":"info","message":"Completed evaluation of 0 rules","timestamp":"2025-08-17T06:18:45.745Z"}
{"level":"info","message":"Starting rule evaluation cycle","timestamp":"2025-08-17T06:18:46.743Z"}
{"level":"info","message":"Completed evaluation of 0 rules","timestamp":"2025-08-17T06:18:46.746Z"}
{"level":"info","message":"Starting rule evaluation cycle","timestamp":"2025-08-17T06:18:47.744Z"}
{"level":"info","message":"Completed evaluation of 0 rules","timestamp":"2025-08-17T06:18:47.748Z"}
{"level":"info","message":"Starting rule evaluation cycle","timestamp":"2025-08-17T06:18:48.746Z"}
{"level":"info","message":"Completed evaluation of 0 rules","timestamp":"2025-08-17T06:18:48.747Z"}
{"level":"info","message":"Starting rule evaluation cycle","timestamp":"2025-08-17T06:18:49.746Z"}
{"level":"info","message":"Completed evaluation of 0 rules","timestamp":"2025-08-17T06:18:49.749Z"}
{"level":"info","message":"Starting rule evaluation cycle","timestamp":"2025-08-17T06:18:50.747Z"}
{"level":"info","message":"Completed evaluation of 0 rules","timestamp":"2025-08-17T06:18:50.750Z"}
{"level":"info","message":"Starting rule evaluation cycle","timestamp":"2025-08-17T06:18:51.748Z"}
{"level":"info","message":"Completed evaluation of 0 rules","timestamp":"2025-08-17T06:18:51.751Z"}
{"level":"info","message":"Starting rule evaluation cycle","timestamp":"2025-08-17T06:18:52.749Z"}
{"level":"info","message":"Completed evaluation of 0 rules","timestamp":"2025-08-17T06:18:52.751Z"}
{"level":"info","message":"Starting rule evaluation cycle","timestamp":"2025-08-17T06:18:53.750Z"}
{"level":"info","message":"Completed evaluation of 0 rules","timestamp":"2025-08-17T06:18:53.755Z"}
{"level":"info","message":"Starting rule evaluation cycle","timestamp":"2025-08-17T06:18:54.752Z"}
{"level":"info","message":"Completed evaluation of 0 rules","timestamp":"2025-08-17T06:18:54.755Z"}
{"level":"info","message":"Starting rule evaluation cycle","timestamp":"2025-08-17T06:18:55.754Z"}
{"level":"info","message":"Completed evaluation of 0 rules","timestamp":"2025-08-17T06:18:55.757Z"}
{"level":"info","message":"Starting rule evaluation cycle","timestamp":"2025-08-17T06:18:56.755Z"}
{"level":"info","message":"Completed evaluation of 0 rules","timestamp":"2025-08-17T06:18:56.758Z"}
{"level":"info","message":"Starting rule evaluation cycle","timestamp":"2025-08-17T06:18:57.757Z"}
{"level":"info","message":"Completed evaluation of 0 rules","timestamp":"2025-08-17T06:18:57.760Z"}
{"level":"info","message":"Starting rule evaluation cycle","timestamp":"2025-08-17T06:18:58.759Z"}
{"level":"info","message":"Completed evaluation of 0 rules","timestamp":"2025-08-17T06:18:58.760Z"}
{"level":"info","message":"Starting rule evaluation cycle","timestamp":"2025-08-17T06:18:59.760Z"}
{"level":"info","message":"Completed evaluation of 0 rules","timestamp":"2025-08-17T06:18:59.763Z"}
{"level":"info","message":"Starting rule evaluation cycle","timestamp":"2025-08-17T06:19:00.762Z"}
{"level":"info","message":"Completed evaluation of 0 rules","timestamp":"2025-08-17T06:19:00.765Z"}
{"level":"info","message":"Starting rule evaluation cycle","timestamp":"2025-08-17T06:19:01.764Z"}
{"level":"info","message":"Completed evaluation of 0 rules","timestamp":"2025-08-17T06:19:01.767Z"}
{"level":"info","message":"Starting rule evaluation cycle","timestamp":"2025-08-17T06:19:02.766Z"}
{"level":"info","message":"Completed evaluation of 0 rules","timestamp":"2025-08-17T06:19:02.770Z"}
{"level":"info","message":"Starting rule evaluation cycle","timestamp":"2025-08-17T06:19:03.767Z"}
{"level":"info","message":"Completed evaluation of 0 rules","timestamp":"2025-08-17T06:19:03.770Z"}
{"level":"info","message":"Starting rule evaluation cycle","timestamp":"2025-08-17T06:19:04.769Z"}
{"level":"info","message":"Completed evaluation of 0 rules","timestamp":"2025-08-17T06:19:04.772Z"}
{"level":"info","message":"Starting rule evaluation cycle","timestamp":"2025-08-17T06:19:05.770Z"}
{"level":"info","message":"Completed evaluation of 0 rules","timestamp":"2025-08-17T06:19:05.774Z"}
{"level":"info","message":"Starting rule evaluation cycle","timestamp":"2025-08-17T06:19:06.772Z"}
{"level":"info","message":"Completed evaluation of 0 rules","timestamp":"2025-08-17T06:19:06.774Z"}
{"level":"info","message":"Starting rule evaluation cycle","timestamp":"2025-08-17T06:19:07.774Z"}
{"level":"info","message":"Completed evaluation of 0 rules","timestamp":"2025-08-17T06:19:07.777Z"}
{"level":"info","message":"Starting rule evaluation cycle","timestamp":"2025-08-17T06:19:08.777Z"}
{"level":"info","message":"Completed evaluation of 0 rules","timestamp":"2025-08-17T06:19:08.778Z"}
{"level":"info","message":"Starting rule evaluation cycle","timestamp":"2025-08-17T06:19:09.778Z"}
{"level":"info","message":"Completed evaluation of 0 rules","timestamp":"2025-08-17T06:19:09.781Z"}
{"level":"info","message":"Starting rule evaluation cycle","timestamp":"2025-08-17T06:19:10.780Z"}
{"level":"info","message":"Completed evaluation of 0 rules","timestamp":"2025-08-17T06:19:10.785Z"}
{"level":"info","message":"Starting rule evaluation cycle","timestamp":"2025-08-17T06:19:11.781Z"}
{"level":"info","message":"Completed evaluation of 0 rules","timestamp":"2025-08-17T06:19:11.784Z"}
{"level":"info","message":"Starting rule evaluation cycle","timestamp":"2025-08-17T06:19:12.784Z"}
{"level":"info","message":"Completed evaluation of 0 rules","timestamp":"2025-08-17T06:19:12.787Z"}
{"level":"info","message":"Starting rule evaluation cycle","timestamp":"2025-08-17T06:19:13.786Z"}
{"level":"info","message":"Completed evaluation of 0 rules","timestamp":"2025-08-17T06:19:13.789Z"}
{"level":"info","message":"Starting rule evaluation cycle","timestamp":"2025-08-17T06:19:14.788Z"}
{"level":"info","message":"Completed evaluation of 0 rules","timestamp":"2025-08-17T06:19:14.791Z"}
{"level":"info","message":"Starting rule evaluation cycle","timestamp":"2025-08-17T06:19:15.790Z"}
{"level":"info","message":"Completed evaluation of 0 rules","timestamp":"2025-08-17T06:19:15.793Z"}
{"level":"info","message":"Starting rule evaluation cycle","timestamp":"2025-08-17T06:19:16.792Z"}
{"level":"info","message":"Completed evaluation of 0 rules","timestamp":"2025-08-17T06:19:16.796Z"}
{"level":"info","message":"Starting rule evaluation cycle","timestamp":"2025-08-17T06:19:17.794Z"}
{"level":"info","message":"Completed evaluation of 0 rules","timestamp":"2025-08-17T06:19:17.797Z"}
{"level":"info","message":"Starting rule evaluation cycle","timestamp":"2025-08-17T06:19:18.796Z"}
{"level":"info","message":"Completed evaluation of 0 rules","timestamp":"2025-08-17T06:19:18.798Z"}
{"level":"info","message":"Starting rule evaluation cycle","timestamp":"2025-08-17T06:19:19.798Z"}
{"level":"info","message":"Completed evaluation of 0 rules","timestamp":"2025-08-17T06:19:19.800Z"}
{"level":"info","message":"Starting rule evaluation cycle","timestamp":"2025-08-17T06:19:20.799Z"}
{"level":"info","message":"Completed evaluation of 0 rules","timestamp":"2025-08-17T06:19:20.802Z"}
{"level":"info","message":"Starting rule evaluation cycle","timestamp":"2025-08-17T06:19:21.801Z"}
{"level":"info","message":"Completed evaluation of 0 rules","timestamp":"2025-08-17T06:19:21.802Z"}
{"level":"info","message":"Starting rule evaluation cycle","timestamp":"2025-08-17T06:19:22.802Z"}
{"level":"info","message":"Completed evaluation of 0 rules","timestamp":"2025-08-17T06:19:22.805Z"}
{"level":"info","message":"Starting rule evaluation cycle","timestamp":"2025-08-17T06:19:23.803Z"}
{"level":"info","message":"Completed evaluation of 0 rules","timestamp":"2025-08-17T06:19:23.804Z"}
{"level":"info","message":"Starting rule evaluation cycle","timestamp":"2025-08-17T06:19:24.803Z"}
{"level":"info","message":"Completed evaluation of 0 rules","timestamp":"2025-08-17T06:19:24.806Z"}
{"level":"info","message":"Starting rule evaluation cycle","timestamp":"2025-08-17T06:19:25.804Z"}
{"level":"info","message":"Completed evaluation of 0 rules","timestamp":"2025-08-17T06:19:25.805Z"}
{"level":"info","message":"Starting rule evaluation cycle","timestamp":"2025-08-17T06:19:26.805Z"}
{"level":"info","message":"Completed evaluation of 0 rules","timestamp":"2025-08-17T06:19:26.806Z"}
{"level":"info","message":"Starting rule evaluation cycle","timestamp":"2025-08-17T06:19:27.806Z"}
{"level":"info","message":"Completed evaluation of 0 rules","timestamp":"2025-08-17T06:19:27.807Z"}
{"level":"info","message":"Starting rule evaluation cycle","timestamp":"2025-08-17T06:19:28.808Z"}
{"level":"info","message":"Completed evaluation of 0 rules","timestamp":"2025-08-17T06:19:28.809Z"}
{"level":"info","message":"Starting rule evaluation cycle","timestamp":"2025-08-17T06:19:29.809Z"}
{"level":"info","message":"Completed evaluation of 0 rules","timestamp":"2025-08-17T06:19:29.811Z"}
{"level":"info","message":"Starting rule evaluation cycle","timestamp":"2025-08-17T06:19:30.810Z"}
{"level":"info","message":"Completed evaluation of 0 rules","timestamp":"2025-08-17T06:19:30.813Z"}
{"level":"info","message":"Starting rule evaluation cycle","timestamp":"2025-08-17T06:19:31.810Z"}
{"level":"info","message":"Completed evaluation of 0 rules","timestamp":"2025-08-17T06:19:31.812Z"}
{"level":"info","message":"Starting rule evaluation cycle","timestamp":"2025-08-17T06:19:32.812Z"}
{"level":"info","message":"Completed evaluation of 0 rules","timestamp":"2025-08-17T06:19:32.816Z"}
{"level":"info","message":"Starting rule evaluation cycle","timestamp":"2025-08-17T06:19:33.814Z"}
{"level":"info","message":"Completed evaluation of 0 rules","timestamp":"2025-08-17T06:19:33.816Z"}
{"level":"info","message":"Starting rule evaluation cycle","timestamp":"2025-08-17T06:19:34.816Z"}
{"level":"info","message":"Completed evaluation of 0 rules","timestamp":"2025-08-17T06:19:34.819Z"}
{"level":"info","message":"Starting rule evaluation cycle","timestamp":"2025-08-17T06:19:35.818Z"}
{"level":"info","message":"Completed evaluation of 0 rules","timestamp":"2025-08-17T06:19:35.821Z"}
{"level":"info","message":"Starting rule evaluation cycle","timestamp":"2025-08-17T06:19:36.820Z"}
{"level":"info","message":"Completed evaluation of 0 rules","timestamp":"2025-08-17T06:19:36.823Z"}
{"level":"info","message":"Starting rule evaluation cycle","timestamp":"2025-08-17T06:19:37.821Z"}
{"level":"info","message":"Completed evaluation of 0 rules","timestamp":"2025-08-17T06:19:37.822Z"}
{"level":"info","message":"Starting rule evaluation cycle","timestamp":"2025-08-17T06:19:38.822Z"}
{"level":"info","message":"Completed evaluation of 0 rules","timestamp":"2025-08-17T06:19:38.824Z"}
{"level":"info","message":"Starting rule evaluation cycle","timestamp":"2025-08-17T06:19:39.823Z"}
{"level":"info","message":"Completed evaluation of 0 rules","timestamp":"2025-08-17T06:19:39.825Z"}
{"level":"info","message":"Starting rule evaluation cycle","timestamp":"2025-08-17T06:19:40.824Z"}
{"level":"info","message":"Completed evaluation of 0 rules","timestamp":"2025-08-17T06:19:40.827Z"}
{"level":"info","message":"Starting rule evaluation cycle","timestamp":"2025-08-17T06:19:41.826Z"}
{"level":"info","message":"Completed evaluation of 0 rules","timestamp":"2025-08-17T06:19:41.827Z"}
{"level":"info","message":"Starting rule evaluation cycle","timestamp":"2025-08-17T06:19:42.826Z"}
{"level":"info","message":"Completed evaluation of 0 rules","timestamp":"2025-08-17T06:19:42.829Z"}
{"level":"info","message":"Starting rule evaluation cycle","timestamp":"2025-08-17T06:19:43.827Z"}
{"level":"info","message":"Completed evaluation of 0 rules","timestamp":"2025-08-17T06:19:43.829Z"}
{"level":"info","message":"Starting rule evaluation cycle","timestamp":"2025-08-17T06:19:44.829Z"}
{"level":"info","message":"Completed evaluation of 0 rules","timestamp":"2025-08-17T06:19:44.831Z"}
{"level":"info","message":"Starting rule evaluation cycle","timestamp":"2025-08-17T06:19:45.829Z"}
{"level":"info","message":"Completed evaluation of 0 rules","timestamp":"2025-08-17T06:19:45.831Z"}
{"level":"info","message":"Starting rule evaluation cycle","timestamp":"2025-08-17T06:19:46.831Z"}
{"level":"info","message":"Completed evaluation of 0 rules","timestamp":"2025-08-17T06:19:46.834Z"}
{"level":"info","message":"Starting rule evaluation cycle","timestamp":"2025-08-17T06:19:47.833Z"}
{"level":"info","message":"Completed evaluation of 0 rules","timestamp":"2025-08-17T06:19:47.835Z"}
{"level":"info","message":"Starting rule evaluation cycle","timestamp":"2025-08-17T06:19:48.835Z"}
{"level":"info","message":"Completed evaluation of 0 rules","timestamp":"2025-08-17T06:19:48.837Z"}
{"level":"info","message":"Starting rule evaluation cycle","timestamp":"2025-08-17T06:19:49.837Z"}
{"level":"info","message":"Completed evaluation of 0 rules","timestamp":"2025-08-17T06:19:49.839Z"}
{"level":"info","message":"Starting rule evaluation cycle","timestamp":"2025-08-17T06:19:50.839Z"}
{"level":"info","message":"Completed evaluation of 0 rules","timestamp":"2025-08-17T06:19:50.841Z"}
{"level":"info","message":"Starting rule evaluation cycle","timestamp":"2025-08-17T06:19:51.840Z"}
{"level":"info","message":"Completed evaluation of 0 rules","timestamp":"2025-08-17T06:19:51.842Z"}
{"level":"info","message":"Starting rule evaluation cycle","timestamp":"2025-08-17T06:19:52.842Z"}
{"level":"info","message":"Completed evaluation of 0 rules","timestamp":"2025-08-17T06:19:52.845Z"}
{"level":"info","message":"Starting rule evaluation cycle","timestamp":"2025-08-17T06:19:53.843Z"}
{"level":"info","message":"Completed evaluation of 0 rules","timestamp":"2025-08-17T06:19:53.844Z"}
{"level":"info","message":"Starting rule evaluation cycle","timestamp":"2025-08-17T06:19:54.844Z"}
{"level":"info","message":"Completed evaluation of 0 rules","timestamp":"2025-08-17T06:19:54.848Z"}
{"level":"info","message":"Starting rule evaluation cycle","timestamp":"2025-08-17T06:19:55.845Z"}
{"level":"info","message":"Completed evaluation of 0 rules","timestamp":"2025-08-17T06:19:55.847Z"}
{"level":"info","message":"Starting rule evaluation cycle","timestamp":"2025-08-17T06:19:56.846Z"}
{"level":"info","message":"Completed evaluation of 0 rules","timestamp":"2025-08-17T06:19:56.848Z"}
{"level":"info","message":"Starting rule evaluation cycle","timestamp":"2025-08-17T06:19:57.847Z"}
{"level":"info","message":"Completed evaluation of 0 rules","timestamp":"2025-08-17T06:19:57.850Z"}
{"level":"info","message":"Starting rule evaluation cycle","timestamp":"2025-08-17T06:19:58.850Z"}
{"level":"info","message":"Completed evaluation of 0 rules","timestamp":"2025-08-17T06:19:58.851Z"}
{"level":"info","message":"Starting rule evaluation cycle","timestamp":"2025-08-17T06:19:59.852Z"}
{"level":"info","message":"Completed evaluation of 0 rules","timestamp":"2025-08-17T06:19:59.855Z"}
{"level":"info","message":"Starting rule evaluation cycle","timestamp":"2025-08-17T06:20:00.855Z"}
{"level":"info","message":"Completed evaluation of 0 rules","timestamp":"2025-08-17T06:20:00.858Z"}
{"level":"info","message":"Starting rule evaluation cycle","timestamp":"2025-08-17T06:20:01.857Z"}
{"level":"info","message":"Completed evaluation of 0 rules","timestamp":"2025-08-17T06:20:01.859Z"}
{"level":"info","message":"Starting rule evaluation cycle","timestamp":"2025-08-17T06:20:02.857Z"}
{"level":"info","message":"Completed evaluation of 0 rules","timestamp":"2025-08-17T06:20:02.860Z"}
{"level":"info","message":"Starting rule evaluation cycle","timestamp":"2025-08-17T06:20:03.859Z"}
{"level":"info","message":"Completed evaluation of 0 rules","timestamp":"2025-08-17T06:20:03.860Z"}
{"level":"info","message":"Starting rule evaluation cycle","timestamp":"2025-08-17T06:20:04.860Z"}
{"level":"info","message":"Completed evaluation of 0 rules","timestamp":"2025-08-17T06:20:04.862Z"}
{"level":"info","message":"Starting rule evaluation cycle","timestamp":"2025-08-17T06:20:05.862Z"}
{"level":"info","message":"Completed evaluation of 0 rules","timestamp":"2025-08-17T06:20:05.865Z"}
{"level":"info","message":"Starting rule evaluation cycle","timestamp":"2025-08-17T06:20:06.863Z"}
{"level":"info","message":"Completed evaluation of 0 rules","timestamp":"2025-08-17T06:20:06.865Z"}
{"level":"info","message":"Starting rule evaluation cycle","timestamp":"2025-08-17T06:20:07.865Z"}
{"level":"info","message":"Completed evaluation of 0 rules","timestamp":"2025-08-17T06:20:07.870Z"}
{"level":"info","message":"Starting rule evaluation cycle","timestamp":"2025-08-17T06:20:08.868Z"}
{"level":"info","message":"Completed evaluation of 0 rules","timestamp":"2025-08-17T06:20:08.869Z"}
{"level":"info","message":"Starting rule evaluation cycle","timestamp":"2025-08-17T06:20:09.869Z"}
{"level":"info","message":"Completed evaluation of 0 rules","timestamp":"2025-08-17T06:20:09.873Z"}
{"level":"info","message":"Starting rule evaluation cycle","timestamp":"2025-08-17T06:20:10.871Z"}
{"level":"info","message":"Completed evaluation of 0 rules","timestamp":"2025-08-17T06:20:10.873Z"}
{"level":"info","message":"Starting rule evaluation cycle","timestamp":"2025-08-17T06:20:11.872Z"}
{"level":"info","message":"Completed evaluation of 0 rules","timestamp":"2025-08-17T06:20:11.874Z"}
{"level":"info","message":"Starting rule evaluation cycle","timestamp":"2025-08-17T06:20:12.873Z"}
{"level":"info","message":"Completed evaluation of 0 rules","timestamp":"2025-08-17T06:20:12.875Z"}
{"level":"info","message":"Starting rule evaluation cycle","timestamp":"2025-08-17T06:20:13.873Z"}
{"level":"info","message":"Completed evaluation of 0 rules","timestamp":"2025-08-17T06:20:13.876Z"}
{"level":"info","message":"Starting rule evaluation cycle","timestamp":"2025-08-17T06:20:14.875Z"}
{"level":"info","message":"Completed evaluation of 0 rules","timestamp":"2025-08-17T06:20:14.876Z"}
{"level":"info","message":"Starting rule evaluation cycle","timestamp":"2025-08-17T06:20:15.876Z"}
{"level":"info","message":"Completed evaluation of 0 rules","timestamp":"2025-08-17T06:20:15.877Z"}
{"level":"info","message":"Starting rule evaluation cycle","timestamp":"2025-08-17T06:20:16.876Z"}
{"level":"info","message":"Completed evaluation of 0 rules","timestamp":"2025-08-17T06:20:16.878Z"}
{"level":"info","message":"Starting rule evaluation cycle","timestamp":"2025-08-17T06:20:17.878Z"}
{"level":"info","message":"Completed evaluation of 0 rules","timestamp":"2025-08-17T06:20:17.881Z"}
{"level":"info","message":"Starting rule evaluation cycle","timestamp":"2025-08-17T06:20:18.879Z"}
{"level":"info","message":"Completed evaluation of 0 rules","timestamp":"2025-08-17T06:20:18.881Z"}
{"level":"info","message":"Starting rule evaluation cycle","timestamp":"2025-08-17T06:20:19.881Z"}
{"level":"info","message":"Completed evaluation of 0 rules","timestamp":"2025-08-17T06:20:19.882Z"}
{"level":"info","message":"Starting rule evaluation cycle","timestamp":"2025-08-17T06:20:20.882Z"}
{"level":"info","message":"Completed evaluation of 0 rules","timestamp":"2025-08-17T06:20:20.885Z"}
{"level":"info","message":"Starting rule evaluation cycle","timestamp":"2025-08-17T06:20:21.884Z"}
{"level":"info","message":"Completed evaluation of 0 rules","timestamp":"2025-08-17T06:20:21.887Z"}
{"level":"info","message":"Starting rule evaluation cycle","timestamp":"2025-08-17T06:20:22.885Z"}
{"level":"info","message":"Completed evaluation of 0 rules","timestamp":"2025-08-17T06:20:22.888Z"}
{"level":"info","message":"Starting rule evaluation cycle","timestamp":"2025-08-17T06:20:23.886Z"}
{"level":"info","message":"Completed evaluation of 0 rules","timestamp":"2025-08-17T06:20:23.890Z"}
{"level":"info","message":"Starting rule evaluation cycle","timestamp":"2025-08-17T06:20:24.888Z"}
{"level":"info","message":"Completed evaluation of 0 rules","timestamp":"2025-08-17T06:20:24.893Z"}
{"level":"info","message":"Starting rule evaluation cycle","timestamp":"2025-08-17T06:20:25.889Z"}
{"level":"info","message":"Completed evaluation of 0 rules","timestamp":"2025-08-17T06:20:25.891Z"}
{"level":"info","message":"Starting rule evaluation cycle","timestamp":"2025-08-17T06:20:26.891Z"}
{"level":"info","message":"Completed evaluation of 0 rules","timestamp":"2025-08-17T06:20:26.894Z"}
{"level":"info","message":"Starting rule evaluation cycle","timestamp":"2025-08-17T06:20:27.891Z"}
{"level":"info","message":"Completed evaluation of 0 rules","timestamp":"2025-08-17T06:20:27.894Z"}
{"level":"info","message":"Starting rule evaluation cycle","timestamp":"2025-08-17T06:20:28.893Z"}
{"level":"info","message":"Completed evaluation of 0 rules","timestamp":"2025-08-17T06:20:28.894Z"}
{"level":"info","message":"Starting rule evaluation cycle","timestamp":"2025-08-17T06:20:29.892Z"}
{"level":"info","message":"Completed evaluation of 0 rules","timestamp":"2025-08-17T06:20:29.894Z"}
{"level":"info","message":"Starting rule evaluation cycle","timestamp":"2025-08-17T06:20:30.893Z"}
{"level":"info","message":"Completed evaluation of 0 rules","timestamp":"2025-08-17T06:20:30.895Z"}
{"level":"info","message":"Starting rule evaluation cycle","timestamp":"2025-08-17T06:20:31.895Z"}
{"level":"info","message":"Completed evaluation of 0 rules","timestamp":"2025-08-17T06:20:31.897Z"}
{"level":"info","message":"Starting rule evaluation cycle","timestamp":"2025-08-17T06:20:32.897Z"}
{"level":"info","message":"Completed evaluation of 0 rules","timestamp":"2025-08-17T06:20:32.900Z"}
{"level":"info","message":"Starting rule evaluation cycle","timestamp":"2025-08-17T06:20:33.898Z"}
{"level":"info","message":"Completed evaluation of 0 rules","timestamp":"2025-08-17T06:20:33.900Z"}
{"level":"info","message":"Starting rule evaluation cycle","timestamp":"2025-08-17T06:20:34.899Z"}
{"level":"info","message":"Completed evaluation of 0 rules","timestamp":"2025-08-17T06:20:34.902Z"}
{"level":"info","message":"Starting rule evaluation cycle","timestamp":"2025-08-17T06:20:35.900Z"}
{"level":"info","message":"Completed evaluation of 0 rules","timestamp":"2025-08-17T06:20:35.902Z"}
{"level":"info","message":"Starting rule evaluation cycle","timestamp":"2025-08-17T06:20:36.901Z"}
{"level":"info","message":"Completed evaluation of 0 rules","timestamp":"2025-08-17T06:20:36.903Z"}
{"level":"info","message":"Starting rule evaluation cycle","timestamp":"2025-08-17T06:20:37.903Z"}
{"level":"info","message":"Completed evaluation of 0 rules","timestamp":"2025-08-17T06:20:37.905Z"}
{"level":"info","message":"Starting rule evaluation cycle","timestamp":"2025-08-17T06:20:38.904Z"}
{"level":"info","message":"Completed evaluation of 0 rules","timestamp":"2025-08-17T06:20:38.905Z"}
{"level":"info","message":"Starting rule evaluation cycle","timestamp":"2025-08-17T06:20:39.905Z"}
{"level":"info","message":"Completed evaluation of 0 rules","timestamp":"2025-08-17T06:20:39.907Z"}
{"level":"info","message":"Starting rule evaluation cycle","timestamp":"2025-08-17T06:20:40.906Z"}
{"level":"info","message":"Completed evaluation of 0 rules","timestamp":"2025-08-17T06:20:40.907Z"}
{"level":"info","message":"Starting rule evaluation cycle","timestamp":"2025-08-17T06:20:41.906Z"}
{"level":"info","message":"Completed evaluation of 0 rules","timestamp":"2025-08-17T06:20:41.909Z"}
{"level":"info","message":"Starting rule evaluation cycle","timestamp":"2025-08-17T06:20:42.907Z"}
{"level":"info","message":"Completed evaluation of 0 rules","timestamp":"2025-08-17T06:20:42.908Z"}
{"level":"info","message":"Starting rule evaluation cycle","timestamp":"2025-08-17T06:20:43.908Z"}
{"level":"info","message":"Completed evaluation of 0 rules","timestamp":"2025-08-17T06:20:43.911Z"}
{"level":"info","message":"Starting rule evaluation cycle","timestamp":"2025-08-17T06:20:44.909Z"}
{"level":"info","message":"Completed evaluation of 0 rules","timestamp":"2025-08-17T06:20:44.912Z"}
{"level":"info","message":"Starting rule evaluation cycle","timestamp":"2025-08-17T06:20:45.911Z"}
{"level":"info","message":"Completed evaluation of 0 rules","timestamp":"2025-08-17T06:20:45.914Z"}
{"level":"info","message":"Starting rule evaluation cycle","timestamp":"2025-08-17T06:20:46.913Z"}
{"level":"info","message":"Completed evaluation of 0 rules","timestamp":"2025-08-17T06:20:46.916Z"}
{"level":"info","message":"Starting rule evaluation cycle","timestamp":"2025-08-17T06:20:47.914Z"}
{"level":"info","message":"Completed evaluation of 0 rules","timestamp":"2025-08-17T06:20:47.917Z"}
{"level":"info","message":"Starting rule evaluation cycle","timestamp":"2025-08-17T06:20:48.916Z"}
{"level":"info","message":"Completed evaluation of 0 rules","timestamp":"2025-08-17T06:20:48.919Z"}
{"level":"info","message":"Starting rule evaluation cycle","timestamp":"2025-08-17T06:20:49.918Z"}
{"level":"info","message":"Completed evaluation of 0 rules","timestamp":"2025-08-17T06:20:49.921Z"}
{"level":"info","message":"Starting rule evaluation cycle","timestamp":"2025-08-17T06:20:50.920Z"}
{"level":"info","message":"Completed evaluation of 0 rules","timestamp":"2025-08-17T06:20:50.922Z"}
{"level":"info","message":"Rules engine shutting down...","timestamp":"2025-08-17T06:20:51.694Z"}
{"level":"info","message":"Rules engine started - evaluating every 1 second","timestamp":"2025-08-17T06:21:05.268Z"}
{"level":"info","message":"Starting rule evaluation cycle","timestamp":"2025-08-17T06:21:06.270Z"}
{"level":"info","message":"Completed evaluation of 0 rules","timestamp":"2025-08-17T06:21:06.291Z"}
{"level":"info","message":"Starting rule evaluation cycle","timestamp":"2025-08-17T06:21:07.275Z"}
{"level":"info","message":"Completed evaluation of 0 rules","timestamp":"2025-08-17T06:21:07.276Z"}
{"level":"info","message":"Starting rule evaluation cycle","timestamp":"2025-08-17T06:21:08.275Z"}
{"level":"info","message":"Completed evaluation of 0 rules","timestamp":"2025-08-17T06:21:08.279Z"}
{"level":"info","message":"Starting rule evaluation cycle","timestamp":"2025-08-17T06:21:09.278Z"}
{"level":"info","message":"Completed evaluation of 0 rules","timestamp":"2025-08-17T06:21:09.282Z"}
{"level":"info","message":"Starting rule evaluation cycle","timestamp":"2025-08-17T06:21:10.279Z"}
{"level":"info","message":"Completed evaluation of 0 rules","timestamp":"2025-08-17T06:21:10.281Z"}
{"level":"info","message":"Starting rule evaluation cycle","timestamp":"2025-08-17T06:21:11.281Z"}
{"level":"info","message":"Completed evaluation of 0 rules","timestamp":"2025-08-17T06:21:11.282Z"}
{"level":"info","message":"Starting rule evaluation cycle","timestamp":"2025-08-17T06:21:12.282Z"}
{"level":"info","message":"Completed evaluation of 0 rules","timestamp":"2025-08-17T06:21:12.284Z"}
{"level":"info","message":"Starting rule evaluation cycle","timestamp":"2025-08-17T06:21:13.284Z"}
{"level":"info","message":"Completed evaluation of 0 rules","timestamp":"2025-08-17T06:21:13.286Z"}
{"level":"info","message":"Starting rule evaluation cycle","timestamp":"2025-08-17T06:21:14.285Z"}
{"level":"info","message":"Completed evaluation of 0 rules","timestamp":"2025-08-17T06:21:14.287Z"}
{"level":"info","message":"Starting rule evaluation cycle","timestamp":"2025-08-17T06:21:15.286Z"}
{"level":"info","message":"Completed evaluation of 0 rules","timestamp":"2025-08-17T06:21:15.288Z"}
{"level":"info","message":"Starting rule evaluation cycle","timestamp":"2025-08-17T06:21:16.287Z"}
{"level":"info","message":"Completed evaluation of 0 rules","timestamp":"2025-08-17T06:21:16.289Z"}
{"level":"info","message":"Starting rule evaluation cycle","timestamp":"2025-08-17T06:21:17.289Z"}
{"level":"info","message":"Completed evaluation of 0 rules","timestamp":"2025-08-17T06:21:17.292Z"}
{"level":"info","message":"Starting rule evaluation cycle","timestamp":"2025-08-17T06:21:18.290Z"}
{"level":"info","message":"Completed evaluation of 0 rules","timestamp":"2025-08-17T06:21:18.293Z"}
{"level":"info","message":"Starting rule evaluation cycle","timestamp":"2025-08-17T06:21:19.291Z"}
{"level":"info","message":"Completed evaluation of 0 rules","timestamp":"2025-08-17T06:21:19.297Z"}
{"level":"info","message":"Starting rule evaluation cycle","timestamp":"2025-08-17T06:21:20.293Z"}
{"level":"info","message":"Completed evaluation of 0 rules","timestamp":"2025-08-17T06:21:20.295Z"}
{"level":"info","message":"Starting rule evaluation cycle","timestamp":"2025-08-17T06:21:21.294Z"}
{"level":"info","message":"Completed evaluation of 0 rules","timestamp":"2025-08-17T06:21:21.296Z"}
{"level":"info","message":"Starting rule evaluation cycle","timestamp":"2025-08-17T06:21:22.296Z"}
{"level":"info","message":"Completed evaluation of 0 rules","timestamp":"2025-08-17T06:21:22.298Z"}
{"level":"info","message":"Starting rule evaluation cycle","timestamp":"2025-08-17T06:21:23.297Z"}
{"level":"info","message":"Completed evaluation of 0 rules","timestamp":"2025-08-17T06:21:23.300Z"}
{"level":"info","message":"Starting rule evaluation cycle","timestamp":"2025-08-17T06:21:24.298Z"}
{"level":"info","message":"Completed evaluation of 0 rules","timestamp":"2025-08-17T06:21:24.305Z"}
{"level":"info","message":"Starting rule evaluation cycle","timestamp":"2025-08-17T06:21:25.299Z"}
{"level":"info","message":"Completed evaluation of 0 rules","timestamp":"2025-08-17T06:21:25.301Z"}
{"level":"info","message":"Starting rule evaluation cycle","timestamp":"2025-08-17T06:21:26.300Z"}
{"level":"info","message":"Completed evaluation of 0 rules","timestamp":"2025-08-17T06:21:26.303Z"}
{"level":"info","message":"Starting rule evaluation cycle","timestamp":"2025-08-17T06:21:27.301Z"}
{"level":"info","message":"Completed evaluation of 0 rules","timestamp":"2025-08-17T06:21:27.305Z"}
{"level":"info","message":"Starting rule evaluation cycle","timestamp":"2025-08-17T06:21:28.302Z"}
{"level":"info","message":"Completed evaluation of 0 rules","timestamp":"2025-08-17T06:21:28.306Z"}
{"level":"info","message":"Starting rule evaluation cycle","timestamp":"2025-08-17T06:21:29.304Z"}
{"level":"info","message":"Completed evaluation of 0 rules","timestamp":"2025-08-17T06:21:29.308Z"}
{"level":"info","message":"Starting rule evaluation cycle","timestamp":"2025-08-17T06:21:30.314Z"}
{"level":"info","message":"Completed evaluation of 0 rules","timestamp":"2025-08-17T06:21:30.318Z"}
{"level":"info","message":"Starting rule evaluation cycle","timestamp":"2025-08-17T06:21:31.317Z"}
{"level":"info","message":"Completed evaluation of 0 rules","timestamp":"2025-08-17T06:21:31.319Z"}
{"level":"info","message":"Starting rule evaluation cycle","timestamp":"2025-08-17T06:21:32.318Z"}
{"level":"info","message":"Completed evaluation of 0 rules","timestamp":"2025-08-17T06:21:32.320Z"}
{"level":"info","message":"Starting rule evaluation cycle","timestamp":"2025-08-17T06:21:33.320Z"}
{"level":"info","message":"Completed evaluation of 0 rules","timestamp":"2025-08-17T06:21:33.324Z"}
{"level":"info","message":"Starting rule evaluation cycle","timestamp":"2025-08-17T06:21:34.321Z"}
{"level":"info","message":"Completed evaluation of 0 rules","timestamp":"2025-08-17T06:21:34.325Z"}
{"level":"info","message":"Starting rule evaluation cycle","timestamp":"2025-08-17T06:21:35.322Z"}
{"level":"info","message":"Completed evaluation of 0 rules","timestamp":"2025-08-17T06:21:35.325Z"}
{"level":"info","message":"Starting rule evaluation cycle","timestamp":"2025-08-17T06:21:36.324Z"}
{"level":"info","message":"Completed evaluation of 0 rules","timestamp":"2025-08-17T06:21:36.326Z"}
{"level":"info","message":"Starting rule evaluation cycle","timestamp":"2025-08-17T06:21:37.325Z"}
{"level":"info","message":"Completed evaluation of 0 rules","timestamp":"2025-08-17T06:21:37.327Z"}
{"level":"info","message":"Starting rule evaluation cycle","timestamp":"2025-08-17T06:21:38.326Z"}
{"level":"info","message":"Completed evaluation of 0 rules","timestamp":"2025-08-17T06:21:38.328Z"}
{"level":"info","message":"Starting rule evaluation cycle","timestamp":"2025-08-17T06:21:39.328Z"}
{"level":"info","message":"Completed evaluation of 0 rules","timestamp":"2025-08-17T06:21:39.331Z"}
{"level":"info","message":"Starting rule evaluation cycle","timestamp":"2025-08-17T06:21:40.330Z"}
{"level":"info","message":"Completed evaluation of 0 rules","timestamp":"2025-08-17T06:21:40.331Z"}
{"level":"info","message":"Starting rule evaluation cycle","timestamp":"2025-08-17T06:21:41.331Z"}
{"level":"info","message":"Completed evaluation of 0 rules","timestamp":"2025-08-17T06:21:41.334Z"}
{"level":"info","message":"Starting rule evaluation cycle","timestamp":"2025-08-17T06:21:42.333Z"}
{"level":"info","message":"Completed evaluation of 0 rules","timestamp":"2025-08-17T06:21:42.336Z"}
{"level":"info","message":"Starting rule evaluation cycle","timestamp":"2025-08-17T06:21:43.334Z"}
{"level":"info","message":"Completed evaluation of 0 rules","timestamp":"2025-08-17T06:21:43.337Z"}
{"level":"info","message":"Starting rule evaluation cycle","timestamp":"2025-08-17T06:21:44.336Z"}
{"level":"info","message":"Completed evaluation of 0 rules","timestamp":"2025-08-17T06:21:44.338Z"}
{"level":"info","message":"Starting rule evaluation cycle","timestamp":"2025-08-17T06:21:45.337Z"}
{"level":"info","message":"Completed evaluation of 0 rules","timestamp":"2025-08-17T06:21:45.339Z"}
{"level":"info","message":"Starting rule evaluation cycle","timestamp":"2025-08-17T06:21:46.338Z"}
{"level":"info","message":"Completed evaluation of 0 rules","timestamp":"2025-08-17T06:21:46.340Z"}
{"level":"info","message":"Starting rule evaluation cycle","timestamp":"2025-08-17T06:21:47.340Z"}
{"level":"info","message":"Completed evaluation of 0 rules","timestamp":"2025-08-17T06:21:47.342Z"}
{"level":"info","message":"Starting rule evaluation cycle","timestamp":"2025-08-17T06:21:48.341Z"}
{"level":"info","message":"Completed evaluation of 0 rules","timestamp":"2025-08-17T06:21:48.344Z"}
{"level":"info","message":"Starting rule evaluation cycle","timestamp":"2025-08-17T06:21:49.342Z"}
{"level":"info","message":"Completed evaluation of 0 rules","timestamp":"2025-08-17T06:21:49.344Z"}
{"level":"info","message":"Starting rule evaluation cycle","timestamp":"2025-08-17T06:21:50.343Z"}
{"level":"info","message":"Completed evaluation of 0 rules","timestamp":"2025-08-17T06:21:50.345Z"}
{"level":"info","message":"Starting rule evaluation cycle","timestamp":"2025-08-17T06:21:51.345Z"}
{"level":"info","message":"Completed evaluation of 0 rules","timestamp":"2025-08-17T06:21:51.346Z"}
{"level":"info","message":"Starting rule evaluation cycle","timestamp":"2025-08-17T06:21:52.346Z"}
{"level":"info","message":"Completed evaluation of 0 rules","timestamp":"2025-08-17T06:21:52.348Z"}
{"level":"info","message":"Starting rule evaluation cycle","timestamp":"2025-08-17T06:21:53.348Z"}
{"level":"info","message":"Completed evaluation of 0 rules","timestamp":"2025-08-17T06:21:53.350Z"}
{"level":"info","message":"Starting rule evaluation cycle","timestamp":"2025-08-17T06:21:54.349Z"}
{"level":"info","message":"Completed evaluation of 0 rules","timestamp":"2025-08-17T06:21:54.352Z"}
{"level":"info","message":"Starting rule evaluation cycle","timestamp":"2025-08-17T06:21:55.350Z"}
{"level":"info","message":"Completed evaluation of 0 rules","timestamp":"2025-08-17T06:21:55.352Z"}
{"level":"info","message":"Starting rule evaluation cycle","timestamp":"2025-08-17T06:21:56.351Z"}
{"level":"info","message":"Completed evaluation of 0 rules","timestamp":"2025-08-17T06:21:56.354Z"}
{"level":"info","message":"Starting rule evaluation cycle","timestamp":"2025-08-17T06:21:57.352Z"}
{"level":"info","message":"Completed evaluation of 0 rules","timestamp":"2025-08-17T06:21:57.355Z"}
{"level":"info","message":"Starting rule evaluation cycle","timestamp":"2025-08-17T06:21:58.353Z"}
{"level":"info","message":"Completed evaluation of 0 rules","timestamp":"2025-08-17T06:21:58.355Z"}
{"level":"info","message":"Starting rule evaluation cycle","timestamp":"2025-08-17T06:21:59.355Z"}
{"level":"info","message":"Completed evaluation of 0 rules","timestamp":"2025-08-17T06:21:59.357Z"}
{"level":"info","message":"Starting rule evaluation cycle","timestamp":"2025-08-17T06:22:00.356Z"}
{"level":"info","message":"Completed evaluation of 0 rules","timestamp":"2025-08-17T06:22:00.359Z"}
{"level":"info","message":"Starting rule evaluation cycle","timestamp":"2025-08-17T06:22:01.357Z"}
{"level":"info","message":"Completed evaluation of 0 rules","timestamp":"2025-08-17T06:22:01.359Z"}
{"level":"info","message":"Starting rule evaluation cycle","timestamp":"2025-08-17T06:22:02.359Z"}
{"level":"info","message":"Completed evaluation of 0 rules","timestamp":"2025-08-17T06:22:02.361Z"}
{"level":"info","message":"Starting rule evaluation cycle","timestamp":"2025-08-17T06:22:03.360Z"}
{"level":"info","message":"Completed evaluation of 0 rules","timestamp":"2025-08-17T06:22:03.362Z"}
{"level":"info","message":"Starting rule evaluation cycle","timestamp":"2025-08-17T06:22:04.362Z"}
{"level":"info","message":"Completed evaluation of 0 rules","timestamp":"2025-08-17T06:22:04.364Z"}
{"level":"info","message":"Starting rule evaluation cycle","timestamp":"2025-08-17T06:22:05.363Z"}
{"level":"info","message":"Completed evaluation of 0 rules","timestamp":"2025-08-17T06:22:05.365Z"}
{"level":"info","message":"Starting rule evaluation cycle","timestamp":"2025-08-17T06:22:06.364Z"}
{"level":"info","message":"Completed evaluation of 0 rules","timestamp":"2025-08-17T06:22:06.367Z"}
{"level":"info","message":"Starting rule evaluation cycle","timestamp":"2025-08-17T06:22:07.365Z"}
{"level":"info","message":"Completed evaluation of 0 rules","timestamp":"2025-08-17T06:22:07.368Z"}
{"level":"info","message":"Starting rule evaluation cycle","timestamp":"2025-08-17T06:22:08.366Z"}
{"level":"info","message":"Completed evaluation of 0 rules","timestamp":"2025-08-17T06:22:08.368Z"}
{"level":"info","message":"Starting rule evaluation cycle","timestamp":"2025-08-17T06:22:09.367Z"}
{"level":"info","message":"Completed evaluation of 0 rules","timestamp":"2025-08-17T06:22:09.370Z"}
{"level":"info","message":"Starting rule evaluation cycle","timestamp":"2025-08-17T06:22:10.368Z"}
{"level":"info","message":"Completed evaluation of 0 rules","timestamp":"2025-08-17T06:22:10.370Z"}
{"level":"info","message":"Starting rule evaluation cycle","timestamp":"2025-08-17T06:22:11.370Z"}
{"level":"info","message":"Completed evaluation of 0 rules","timestamp":"2025-08-17T06:22:11.373Z"}
{"level":"info","message":"Starting rule evaluation cycle","timestamp":"2025-08-17T06:22:12.372Z"}
{"level":"info","message":"Completed evaluation of 0 rules","timestamp":"2025-08-17T06:22:12.374Z"}
{"level":"info","message":"Starting rule evaluation cycle","timestamp":"2025-08-17T06:22:13.373Z"}
{"level":"info","message":"Completed evaluation of 0 rules","timestamp":"2025-08-17T06:22:13.375Z"}
{"level":"info","message":"Starting rule evaluation cycle","timestamp":"2025-08-17T06:22:14.373Z"}
{"level":"info","message":"Completed evaluation of 0 rules","timestamp":"2025-08-17T06:22:14.375Z"}
{"level":"info","message":"Starting rule evaluation cycle","timestamp":"2025-08-17T06:22:15.375Z"}
{"level":"info","message":"Completed evaluation of 0 rules","timestamp":"2025-08-17T06:22:15.377Z"}
{"level":"info","message":"Starting rule evaluation cycle","timestamp":"2025-08-17T06:22:16.376Z"}
{"level":"info","message":"Completed evaluation of 0 rules","timestamp":"2025-08-17T06:22:16.378Z"}
{"level":"info","message":"Starting rule evaluation cycle","timestamp":"2025-08-17T06:22:17.378Z"}
{"level":"info","message":"Completed evaluation of 0 rules","timestamp":"2025-08-17T06:22:17.380Z"}
{"level":"info","message":"Starting rule evaluation cycle","timestamp":"2025-08-17T06:22:18.380Z"}
{"level":"info","message":"Completed evaluation of 0 rules","timestamp":"2025-08-17T06:22:18.383Z"}
{"level":"info","message":"Starting rule evaluation cycle","timestamp":"2025-08-17T06:22:19.381Z"}
{"level":"info","message":"Completed evaluation of 0 rules","timestamp":"2025-08-17T06:22:19.384Z"}
{"level":"info","message":"Starting rule evaluation cycle","timestamp":"2025-08-17T06:22:20.383Z"}
{"level":"info","message":"Completed evaluation of 0 rules","timestamp":"2025-08-17T06:22:20.385Z"}
{"level":"info","message":"Starting rule evaluation cycle","timestamp":"2025-08-17T06:22:21.385Z"}
{"level":"info","message":"Completed evaluation of 0 rules","timestamp":"2025-08-17T06:22:21.387Z"}
{"level":"info","message":"Starting rule evaluation cycle","timestamp":"2025-08-17T06:22:22.387Z"}
{"level":"info","message":"Completed evaluation of 0 rules","timestamp":"2025-08-17T06:22:22.389Z"}
{"level":"info","message":"Starting rule evaluation cycle","timestamp":"2025-08-17T06:22:23.388Z"}
{"level":"info","message":"Completed evaluation of 0 rules","timestamp":"2025-08-17T06:22:23.391Z"}
{"level":"info","message":"Starting rule evaluation cycle","timestamp":"2025-08-17T06:22:24.390Z"}
{"level":"info","message":"Completed evaluation of 0 rules","timestamp":"2025-08-17T06:22:24.391Z"}
{"level":"info","message":"Starting rule evaluation cycle","timestamp":"2025-08-17T06:22:25.390Z"}
{"level":"info","message":"Completed evaluation of 0 rules","timestamp":"2025-08-17T06:22:25.393Z"}
{"level":"info","message":"Starting rule evaluation cycle","timestamp":"2025-08-17T06:22:26.392Z"}
{"level":"info","message":"Completed evaluation of 0 rules","timestamp":"2025-08-17T06:22:26.395Z"}
{"level":"info","message":"Starting rule evaluation cycle","timestamp":"2025-08-17T06:22:27.393Z"}
{"level":"info","message":"Completed evaluation of 0 rules","timestamp":"2025-08-17T06:22:27.396Z"}
{"level":"info","message":"Starting rule evaluation cycle","timestamp":"2025-08-17T06:22:28.394Z"}
{"level":"info","message":"Completed evaluation of 0 rules","timestamp":"2025-08-17T06:22:28.398Z"}
{"level":"info","message":"Starting rule evaluation cycle","timestamp":"2025-08-17T06:22:29.396Z"}
{"level":"info","message":"Completed evaluation of 0 rules","timestamp":"2025-08-17T06:22:29.398Z"}
{"level":"info","message":"Starting rule evaluation cycle","timestamp":"2025-08-17T06:22:30.397Z"}
{"level":"info","message":"Completed evaluation of 0 rules","timestamp":"2025-08-17T06:22:30.399Z"}
{"level":"info","message":"Starting rule evaluation cycle","timestamp":"2025-08-17T06:22:31.397Z"}
{"level":"info","message":"Completed evaluation of 0 rules","timestamp":"2025-08-17T06:22:31.400Z"}
{"level":"info","message":"Starting rule evaluation cycle","timestamp":"2025-08-17T06:22:32.398Z"}
{"level":"info","message":"Completed evaluation of 0 rules","timestamp":"2025-08-17T06:22:32.400Z"}
{"level":"info","message":"Starting rule evaluation cycle","timestamp":"2025-08-17T06:22:33.400Z"}
{"level":"info","message":"Completed evaluation of 0 rules","timestamp":"2025-08-17T06:22:33.402Z"}
{"level":"info","message":"Starting rule evaluation cycle","timestamp":"2025-08-17T06:22:34.402Z"}
{"level":"info","message":"Completed evaluation of 0 rules","timestamp":"2025-08-17T06:22:34.405Z"}
{"level":"info","message":"Starting rule evaluation cycle","timestamp":"2025-08-17T06:22:35.403Z"}
{"level":"info","message":"Completed evaluation of 0 rules","timestamp":"2025-08-17T06:22:35.406Z"}
{"level":"info","message":"Starting rule evaluation cycle","timestamp":"2025-08-17T06:22:36.405Z"}
{"level":"info","message":"Completed evaluation of 0 rules","timestamp":"2025-08-17T06:22:36.408Z"}
{"level":"info","message":"Starting rule evaluation cycle","timestamp":"2025-08-17T06:22:37.408Z"}
{"level":"info","message":"Completed evaluation of 0 rules","timestamp":"2025-08-17T06:22:37.409Z"}
{"level":"info","message":"Starting rule evaluation cycle","timestamp":"2025-08-17T06:22:38.409Z"}
{"level":"info","message":"Completed evaluation of 0 rules","timestamp":"2025-08-17T06:22:38.412Z"}
{"level":"info","message":"Starting rule evaluation cycle","timestamp":"2025-08-17T06:22:39.411Z"}
{"level":"info","message":"Completed evaluation of 0 rules","timestamp":"2025-08-17T06:22:39.416Z"}
{"level":"info","message":"Starting rule evaluation cycle","timestamp":"2025-08-17T06:22:40.412Z"}
{"level":"info","message":"Completed evaluation of 0 rules","timestamp":"2025-08-17T06:22:40.414Z"}
{"level":"info","message":"Starting rule evaluation cycle","timestamp":"2025-08-17T06:22:41.414Z"}
{"level":"info","message":"Completed evaluation of 0 rules","timestamp":"2025-08-17T06:22:41.416Z"}
{"level":"info","message":"Starting rule evaluation cycle","timestamp":"2025-08-17T06:22:42.415Z"}
{"level":"info","message":"Completed evaluation of 0 rules","timestamp":"2025-08-17T06:22:42.417Z"}
{"level":"info","message":"Starting rule evaluation cycle","timestamp":"2025-08-17T06:22:43.416Z"}
{"level":"info","message":"Completed evaluation of 0 rules","timestamp":"2025-08-17T06:22:43.418Z"}
{"level":"info","message":"Starting rule evaluation cycle","timestamp":"2025-08-17T06:22:44.418Z"}
{"level":"info","message":"Completed evaluation of 0 rules","timestamp":"2025-08-17T06:22:44.421Z"}
{"level":"info","message":"Starting rule evaluation cycle","timestamp":"2025-08-17T06:22:45.419Z"}
{"level":"info","message":"Completed evaluation of 0 rules","timestamp":"2025-08-17T06:22:45.422Z"}
{"level":"info","message":"Starting rule evaluation cycle","timestamp":"2025-08-17T06:22:46.421Z"}
{"level":"info","message":"Completed evaluation of 0 rules","timestamp":"2025-08-17T06:22:46.424Z"}
{"level":"info","message":"Starting rule evaluation cycle","timestamp":"2025-08-17T06:22:47.424Z"}
{"level":"info","message":"Completed evaluation of 0 rules","timestamp":"2025-08-17T06:22:47.427Z"}
{"level":"info","message":"Starting rule evaluation cycle","timestamp":"2025-08-17T06:22:48.425Z"}
{"level":"info","message":"Completed evaluation of 0 rules","timestamp":"2025-08-17T06:22:48.428Z"}
{"level":"info","message":"Starting rule evaluation cycle","timestamp":"2025-08-17T06:22:49.426Z"}
{"level":"info","message":"Completed evaluation of 0 rules","timestamp":"2025-08-17T06:22:49.429Z"}
{"level":"info","message":"Starting rule evaluation cycle","timestamp":"2025-08-17T06:22:50.428Z"}
{"level":"info","message":"Completed evaluation of 0 rules","timestamp":"2025-08-17T06:22:50.430Z"}
{"level":"info","message":"Starting rule evaluation cycle","timestamp":"2025-08-17T06:22:51.429Z"}
{"level":"info","message":"Completed evaluation of 0 rules","timestamp":"2025-08-17T06:22:51.430Z"}
{"level":"info","message":"Starting rule evaluation cycle","timestamp":"2025-08-17T06:22:52.430Z"}
{"level":"info","message":"Completed evaluation of 0 rules","timestamp":"2025-08-17T06:22:52.432Z"}
{"level":"info","message":"Starting rule evaluation cycle","timestamp":"2025-08-17T06:22:53.432Z"}
{"level":"info","message":"Completed evaluation of 0 rules","timestamp":"2025-08-17T06:22:53.435Z"}
{"level":"info","message":"Starting rule evaluation cycle","timestamp":"2025-08-17T06:22:54.432Z"}
{"level":"info","message":"Completed evaluation of 0 rules","timestamp":"2025-08-17T06:22:54.435Z"}
{"level":"info","message":"Rules engine shutting down...","timestamp":"2025-08-17T06:22:55.362Z"}
{"level":"info","message":"Rules engine started - evaluating every 1 second","timestamp":"2025-08-17T06:23:17.883Z"}
{"level":"info","message":"Starting rule evaluation cycle","timestamp":"2025-08-17T06:25:00.987Z"}
{"level":"info","message":"Completed evaluation of 0 rules","timestamp":"2025-08-17T06:25:01.017Z"}
{"level":"info","message":"Rules engine started - evaluating every 5 minutes","timestamp":"2025-08-17T06:26:03.066Z"}
{"level":"info","message":"Rules engine shutting down...","timestamp":"2025-08-17T06:27:44.242Z"}
